2022-12-10 20:13:41,273 INFO org.springframework.boot.StartupInfoLogger [main] Starting BooksApplication using Java 17.0.5 on DESKTOP-5APUJDM with PID 9576 (C:\Users\joana\2DAM\AD\AA1Q\books\target\classes started by joana in C:\Users\joana\2DAM\AD\AA1Q\books)
2022-12-10 20:13:41,277 INFO org.springframework.boot.SpringApplication [main] No active profile set, falling back to 1 default profile: "default"
2022-12-10 20:13:42,265 INFO org.apache.juli.logging.DirectJDKLog [main] Initializing ProtocolHandler ["http-nio-8081"]
2022-12-10 20:13:42,266 INFO org.apache.juli.logging.DirectJDKLog [main] Starting service [Tomcat]
2022-12-10 20:13:42,266 INFO org.apache.juli.logging.DirectJDKLog [main] Starting Servlet engine: [Apache Tomcat/9.0.69]
2022-12-10 20:13:42,349 INFO org.apache.juli.logging.DirectJDKLog [main] Initializing Spring embedded WebApplicationContext
2022-12-10 20:13:42,724 INFO com.zaxxer.hikari.HikariDataSource [main] HikariPool-1 - Starting...
2022-12-10 20:13:42,890 INFO com.zaxxer.hikari.HikariDataSource [main] HikariPool-1 - Start completed.
2022-12-10 20:13:43,671 WARN org.springframework.boot.autoconfigure.orm.jpa.JpaBaseConfiguration$JpaWebConfiguration [main] spring.jpa.open-in-view is enabled by default. Therefore, database queries may be performed during view rendering. Explicitly configure spring.jpa.open-in-view to disable this warning
2022-12-10 20:13:44,165 INFO org.apache.juli.logging.DirectJDKLog [main] Starting ProtocolHandler ["http-nio-8081"]
2022-12-10 20:13:44,194 INFO org.springframework.boot.StartupInfoLogger [main] Started BooksApplication in 3.198 seconds (JVM running for 3.542)
2022-12-10 20:13:47,579 INFO org.apache.juli.logging.DirectJDKLog [http-nio-8081-exec-1] Initializing Spring DispatcherServlet 'dispatcherServlet'
2022-12-10 20:13:47,594 WARN org.springframework.web.servlet.handler.AbstractHandlerExceptionResolver [http-nio-8081-exec-1] Resolved [org.springframework.web.HttpRequestMethodNotSupportedException: Request method 'POST' not supported]
2022-12-10 20:14:53,186 ERROR com.svalero.books.controller.BookstoreController [http-nio-8081-exec-7] Validation failed for argument [0] in public org.springframework.http.ResponseEntity<com.svalero.books.domain.Bookstore> com.svalero.books.controller.BookstoreController.addBookstore(com.svalero.books.domain.Bookstore): [Field error in object 'bookstore' on field 'phoneNumber': rejected value [5]; codes [Pattern.bookstore.phoneNumber,Pattern.phoneNumber,Pattern.java.lang.String,Pattern]; arguments [org.springframework.context.support.DefaultMessageSourceResolvable: codes [bookstore.phoneNumber,phoneNumber]; arguments []; default message [phoneNumber],[Ljavax.validation.constraints.Pattern$Flag;@585c6863,[6][0-9]{8}]; default message [debe coincidir con "[6][0-9]{8}"]] 
org.springframework.web.bind.MethodArgumentNotValidException: Validation failed for argument [0] in public org.springframework.http.ResponseEntity<com.svalero.books.domain.Bookstore> com.svalero.books.controller.BookstoreController.addBookstore(com.svalero.books.domain.Bookstore): [Field error in object 'bookstore' on field 'phoneNumber': rejected value [5]; codes [Pattern.bookstore.phoneNumber,Pattern.phoneNumber,Pattern.java.lang.String,Pattern]; arguments [org.springframework.context.support.DefaultMessageSourceResolvable: codes [bookstore.phoneNumber,phoneNumber]; arguments []; default message [phoneNumber],[Ljavax.validation.constraints.Pattern$Flag;@585c6863,[6][0-9]{8}]; default message [debe coincidir con "[6][0-9]{8}"]] 
	at org.springframework.web.servlet.mvc.method.annotation.RequestResponseBodyMethodProcessor.resolveArgument(RequestResponseBodyMethodProcessor.java:141)
	at org.springframework.web.method.support.HandlerMethodArgumentResolverComposite.resolveArgument(HandlerMethodArgumentResolverComposite.java:122)
	at org.springframework.web.method.support.InvocableHandlerMethod.getMethodArgumentValues(InvocableHandlerMethod.java:179)
	at org.springframework.web.method.support.InvocableHandlerMethod.invokeForRequest(InvocableHandlerMethod.java:146)
	at org.springframework.web.servlet.mvc.method.annotation.ServletInvocableHandlerMethod.invokeAndHandle(ServletInvocableHandlerMethod.java:117)
	at org.springframework.web.servlet.mvc.method.annotation.RequestMappingHandlerAdapter.invokeHandlerMethod(RequestMappingHandlerAdapter.java:895)
	at org.springframework.web.servlet.mvc.method.annotation.RequestMappingHandlerAdapter.handleInternal(RequestMappingHandlerAdapter.java:808)
	at org.springframework.web.servlet.mvc.method.AbstractHandlerMethodAdapter.handle(AbstractHandlerMethodAdapter.java:87)
	at org.springframework.web.servlet.DispatcherServlet.doDispatch(DispatcherServlet.java:1071)
	at org.springframework.web.servlet.DispatcherServlet.doService(DispatcherServlet.java:964)
	at org.springframework.web.servlet.FrameworkServlet.processRequest(FrameworkServlet.java:1006)
	at org.springframework.web.servlet.FrameworkServlet.doPost(FrameworkServlet.java:909)
	at javax.servlet.http.HttpServlet.service(HttpServlet.java:696)
	at org.springframework.web.servlet.FrameworkServlet.service(FrameworkServlet.java:883)
	at javax.servlet.http.HttpServlet.service(HttpServlet.java:779)
	at org.apache.catalina.core.ApplicationFilterChain.internalDoFilter(ApplicationFilterChain.java:227)
	at org.apache.catalina.core.ApplicationFilterChain.doFilter(ApplicationFilterChain.java:162)
	at org.apache.tomcat.websocket.server.WsFilter.doFilter(WsFilter.java:53)
	at org.apache.catalina.core.ApplicationFilterChain.internalDoFilter(ApplicationFilterChain.java:189)
	at org.apache.catalina.core.ApplicationFilterChain.doFilter(ApplicationFilterChain.java:162)
	at org.springframework.web.filter.RequestContextFilter.doFilterInternal(RequestContextFilter.java:100)
	at org.springframework.web.filter.OncePerRequestFilter.doFilter(OncePerRequestFilter.java:117)
	at org.apache.catalina.core.ApplicationFilterChain.internalDoFilter(ApplicationFilterChain.java:189)
	at org.apache.catalina.core.ApplicationFilterChain.doFilter(ApplicationFilterChain.java:162)
	at org.springframework.web.filter.FormContentFilter.doFilterInternal(FormContentFilter.java:93)
	at org.springframework.web.filter.OncePerRequestFilter.doFilter(OncePerRequestFilter.java:117)
	at org.apache.catalina.core.ApplicationFilterChain.internalDoFilter(ApplicationFilterChain.java:189)
	at org.apache.catalina.core.ApplicationFilterChain.doFilter(ApplicationFilterChain.java:162)
	at org.springframework.web.filter.CharacterEncodingFilter.doFilterInternal(CharacterEncodingFilter.java:201)
	at org.springframework.web.filter.OncePerRequestFilter.doFilter(OncePerRequestFilter.java:117)
	at org.apache.catalina.core.ApplicationFilterChain.internalDoFilter(ApplicationFilterChain.java:189)
	at org.apache.catalina.core.ApplicationFilterChain.doFilter(ApplicationFilterChain.java:162)
	at org.apache.catalina.core.StandardWrapperValve.invoke(StandardWrapperValve.java:177)
	at org.apache.catalina.core.StandardContextValve.invoke(StandardContextValve.java:97)
	at org.apache.catalina.authenticator.AuthenticatorBase.invoke(AuthenticatorBase.java:541)
	at org.apache.catalina.core.StandardHostValve.invoke(StandardHostValve.java:135)
	at org.apache.catalina.valves.ErrorReportValve.invoke(ErrorReportValve.java:92)
	at org.apache.catalina.core.StandardEngineValve.invoke(StandardEngineValve.java:78)
	at org.apache.catalina.connector.CoyoteAdapter.service(CoyoteAdapter.java:360)
	at org.apache.coyote.http11.Http11Processor.service(Http11Processor.java:399)
	at org.apache.coyote.AbstractProcessorLight.process(AbstractProcessorLight.java:65)
	at org.apache.coyote.AbstractProtocol$ConnectionHandler.process(AbstractProtocol.java:891)
	at org.apache.tomcat.util.net.NioEndpoint$SocketProcessor.doRun(NioEndpoint.java:1784)
	at org.apache.tomcat.util.net.SocketProcessorBase.run(SocketProcessorBase.java:49)
	at org.apache.tomcat.util.threads.ThreadPoolExecutor.runWorker(ThreadPoolExecutor.java:1191)
	at org.apache.tomcat.util.threads.ThreadPoolExecutor$Worker.run(ThreadPoolExecutor.java:659)
	at org.apache.tomcat.util.threads.TaskThread$WrappingRunnable.run(TaskThread.java:61)
	at java.base/java.lang.Thread.run(Thread.java:833)
2022-12-10 20:15:10,333 WARN org.springframework.web.servlet.handler.AbstractHandlerExceptionResolver [http-nio-8081-exec-4] Resolved [org.springframework.web.HttpRequestMethodNotSupportedException: Request method 'GET' not supported]
2022-12-10 20:15:18,956 INFO com.zaxxer.hikari.HikariDataSource [SpringApplicationShutdownHook] HikariPool-1 - Shutdown initiated...
2022-12-10 20:15:18,959 INFO com.zaxxer.hikari.HikariDataSource [SpringApplicationShutdownHook] HikariPool-1 - Shutdown completed.
2022-12-10 20:15:29,550 INFO org.springframework.boot.StartupInfoLogger [main] Starting BooksApplication using Java 17.0.5 on DESKTOP-5APUJDM with PID 5516 (C:\Users\joana\2DAM\AD\AA1Q\books\target\classes started by joana in C:\Users\joana\2DAM\AD\AA1Q\books)
2022-12-10 20:15:29,553 INFO org.springframework.boot.SpringApplication [main] No active profile set, falling back to 1 default profile: "default"
2022-12-10 20:15:30,404 INFO org.apache.juli.logging.DirectJDKLog [main] Initializing ProtocolHandler ["http-nio-8081"]
2022-12-10 20:15:30,405 INFO org.apache.juli.logging.DirectJDKLog [main] Starting service [Tomcat]
2022-12-10 20:15:30,406 INFO org.apache.juli.logging.DirectJDKLog [main] Starting Servlet engine: [Apache Tomcat/9.0.69]
2022-12-10 20:15:30,480 INFO org.apache.juli.logging.DirectJDKLog [main] Initializing Spring embedded WebApplicationContext
2022-12-10 20:15:30,792 INFO com.zaxxer.hikari.HikariDataSource [main] HikariPool-1 - Starting...
2022-12-10 20:15:30,959 INFO com.zaxxer.hikari.HikariDataSource [main] HikariPool-1 - Start completed.
2022-12-10 20:15:31,714 WARN org.springframework.boot.autoconfigure.orm.jpa.JpaBaseConfiguration$JpaWebConfiguration [main] spring.jpa.open-in-view is enabled by default. Therefore, database queries may be performed during view rendering. Explicitly configure spring.jpa.open-in-view to disable this warning
2022-12-10 20:15:32,205 INFO org.apache.juli.logging.DirectJDKLog [main] Starting ProtocolHandler ["http-nio-8081"]
2022-12-10 20:15:32,227 INFO org.springframework.boot.StartupInfoLogger [main] Started BooksApplication in 2.94 seconds (JVM running for 3.279)
2022-12-10 20:15:34,634 INFO org.apache.juli.logging.DirectJDKLog [http-nio-8081-exec-2] Initializing Spring DispatcherServlet 'dispatcherServlet'
2022-12-10 20:17:40,591 WARN org.springframework.web.servlet.handler.AbstractHandlerExceptionResolver [http-nio-8081-exec-8] Resolved [org.springframework.web.HttpRequestMethodNotSupportedException: Request method 'DELETE' not supported]
2022-12-10 20:17:56,680 INFO com.zaxxer.hikari.HikariDataSource [SpringApplicationShutdownHook] HikariPool-1 - Shutdown initiated...
2022-12-10 20:17:56,683 INFO com.zaxxer.hikari.HikariDataSource [SpringApplicationShutdownHook] HikariPool-1 - Shutdown completed.
2022-12-10 20:18:05,194 INFO org.springframework.boot.StartupInfoLogger [main] Starting BooksApplication using Java 17.0.5 on DESKTOP-5APUJDM with PID 13784 (C:\Users\joana\2DAM\AD\AA1Q\books\target\classes started by joana in C:\Users\joana\2DAM\AD\AA1Q\books)
2022-12-10 20:18:05,196 INFO org.springframework.boot.SpringApplication [main] No active profile set, falling back to 1 default profile: "default"
2022-12-10 20:18:06,049 INFO org.apache.juli.logging.DirectJDKLog [main] Initializing ProtocolHandler ["http-nio-8081"]
2022-12-10 20:18:06,049 INFO org.apache.juli.logging.DirectJDKLog [main] Starting service [Tomcat]
2022-12-10 20:18:06,050 INFO org.apache.juli.logging.DirectJDKLog [main] Starting Servlet engine: [Apache Tomcat/9.0.69]
2022-12-10 20:18:06,124 INFO org.apache.juli.logging.DirectJDKLog [main] Initializing Spring embedded WebApplicationContext
2022-12-10 20:18:06,412 INFO com.zaxxer.hikari.HikariDataSource [main] HikariPool-1 - Starting...
2022-12-10 20:18:06,581 INFO com.zaxxer.hikari.HikariDataSource [main] HikariPool-1 - Start completed.
2022-12-10 20:18:07,293 WARN org.springframework.boot.autoconfigure.orm.jpa.JpaBaseConfiguration$JpaWebConfiguration [main] spring.jpa.open-in-view is enabled by default. Therefore, database queries may be performed during view rendering. Explicitly configure spring.jpa.open-in-view to disable this warning
2022-12-10 20:18:07,757 INFO org.apache.juli.logging.DirectJDKLog [main] Starting ProtocolHandler ["http-nio-8081"]
2022-12-10 20:18:07,777 INFO org.springframework.boot.StartupInfoLogger [main] Started BooksApplication in 2.81 seconds (JVM running for 3.101)
2022-12-10 20:18:10,304 INFO org.apache.juli.logging.DirectJDKLog [http-nio-8081-exec-1] Initializing Spring DispatcherServlet 'dispatcherServlet'
2022-12-10 20:18:10,318 WARN org.springframework.web.servlet.handler.AbstractHandlerExceptionResolver [http-nio-8081-exec-1] Resolved [org.springframework.web.HttpRequestMethodNotSupportedException: Request method 'DELETE' not supported]
2022-12-10 20:18:33,411 INFO com.zaxxer.hikari.HikariDataSource [SpringApplicationShutdownHook] HikariPool-1 - Shutdown initiated...
2022-12-10 20:18:33,414 INFO com.zaxxer.hikari.HikariDataSource [SpringApplicationShutdownHook] HikariPool-1 - Shutdown completed.
2022-12-10 20:18:42,296 INFO org.springframework.boot.StartupInfoLogger [main] Starting BooksApplication using Java 17.0.5 on DESKTOP-5APUJDM with PID 20136 (C:\Users\joana\2DAM\AD\AA1Q\books\target\classes started by joana in C:\Users\joana\2DAM\AD\AA1Q\books)
2022-12-10 20:18:42,299 INFO org.springframework.boot.SpringApplication [main] No active profile set, falling back to 1 default profile: "default"
2022-12-10 20:18:43,136 INFO org.apache.juli.logging.DirectJDKLog [main] Initializing ProtocolHandler ["http-nio-8081"]
2022-12-10 20:18:43,137 INFO org.apache.juli.logging.DirectJDKLog [main] Starting service [Tomcat]
2022-12-10 20:18:43,138 INFO org.apache.juli.logging.DirectJDKLog [main] Starting Servlet engine: [Apache Tomcat/9.0.69]
2022-12-10 20:18:43,213 INFO org.apache.juli.logging.DirectJDKLog [main] Initializing Spring embedded WebApplicationContext
2022-12-10 20:18:43,504 INFO com.zaxxer.hikari.HikariDataSource [main] HikariPool-1 - Starting...
2022-12-10 20:18:43,669 INFO com.zaxxer.hikari.HikariDataSource [main] HikariPool-1 - Start completed.
2022-12-10 20:18:44,386 WARN org.springframework.boot.autoconfigure.orm.jpa.JpaBaseConfiguration$JpaWebConfiguration [main] spring.jpa.open-in-view is enabled by default. Therefore, database queries may be performed during view rendering. Explicitly configure spring.jpa.open-in-view to disable this warning
2022-12-10 20:18:44,868 INFO org.apache.juli.logging.DirectJDKLog [main] Starting ProtocolHandler ["http-nio-8081"]
2022-12-10 20:18:44,891 INFO org.springframework.boot.StartupInfoLogger [main] Started BooksApplication in 2.822 seconds (JVM running for 3.113)
2022-12-10 20:18:49,554 INFO org.apache.juli.logging.DirectJDKLog [http-nio-8081-exec-2] Initializing Spring DispatcherServlet 'dispatcherServlet'
2022-12-10 20:19:59,050 INFO com.zaxxer.hikari.HikariDataSource [SpringApplicationShutdownHook] HikariPool-1 - Shutdown initiated...
2022-12-10 20:19:59,053 INFO com.zaxxer.hikari.HikariDataSource [SpringApplicationShutdownHook] HikariPool-1 - Shutdown completed.
2022-12-10 20:23:48,770 INFO org.springframework.boot.StartupInfoLogger [main] Starting BooksApplication using Java 17.0.5 on DESKTOP-5APUJDM with PID 9468 (C:\Users\joana\2DAM\AD\AA1Q\books\target\classes started by joana in C:\Users\joana\2DAM\AD\AA1Q\books)
2022-12-10 20:23:48,773 INFO org.springframework.boot.SpringApplication [main] No active profile set, falling back to 1 default profile: "default"
2022-12-10 20:23:50,015 INFO com.zaxxer.hikari.HikariDataSource [main] HikariPool-1 - Starting...
2022-12-10 20:23:50,193 INFO com.zaxxer.hikari.HikariDataSource [main] HikariPool-1 - Start completed.
2022-12-10 20:23:50,922 WARN org.springframework.boot.autoconfigure.orm.jpa.JpaBaseConfiguration$JpaWebConfiguration [main] spring.jpa.open-in-view is enabled by default. Therefore, database queries may be performed during view rendering. Explicitly configure spring.jpa.open-in-view to disable this warning
2022-12-10 20:23:51,482 INFO org.springframework.boot.StartupInfoLogger [main] Started BooksApplication in 2.967 seconds (JVM running for 3.281)
2022-12-10 20:23:51,497 INFO com.zaxxer.hikari.HikariDataSource [SpringApplicationShutdownHook] HikariPool-1 - Shutdown initiated...
2022-12-10 20:23:51,512 INFO com.zaxxer.hikari.HikariDataSource [SpringApplicationShutdownHook] HikariPool-1 - Shutdown completed.
